\BOOKMARK [1][-]{section.1}{\376\377\000I\000n\000t\000r\000o\000d\000u\000c\000t\000i\000o\000n}{}% 1
\BOOKMARK [1][-]{section.2}{\376\377\000P\000r\000o\000b\000l\000e\000m\000\040\000i\000d\000e\000n\000t\000i\000f\000i\000c\000a\000t\000i\000o\000n}{}% 2
\BOOKMARK [1][-]{section.3}{\376\377\000S\000u\000r\000v\000e\000y\000\040\000o\000f\000\040\000s\000t\000a\000t\000e\000-\000o\000f\000-\000t\000h\000e\000-\000a\000r\000t}{}% 3
\BOOKMARK [2][-]{subsection.3.1}{\376\377\000M\000u\000l\000t\000i\000-\000l\000a\000b\000e\000l\000\040\000l\000e\000a\000r\000n\000i\000n\000g\000\040\000b\000a\000s\000e\000d\000\040\000d\000e\000e\000p\000\040\000t\000r\000a\000n\000s\000f\000e\000r\000\040\000n\000e\000u\000r\000a\000l\000\040\000n\000e\000t\000w\000o\000r\000k}{section.3}% 4
\BOOKMARK [2][-]{subsection.3.2}{\376\377\000A\000\040\000s\000u\000r\000v\000e\000y\000\040\000o\000n\000\040\000d\000e\000e\000p\000\040\000f\000a\000c\000i\000a\000l\000\040\000a\000t\000t\000r\000i\000b\000u\000t\000e\000s\000\040\000a\000n\000a\000l\000y\000s\000i\000s}{section.3}% 5
\BOOKMARK [2][-]{subsection.3.3}{\376\377\000S\000e\000g\000m\000e\000n\000t\000-\000b\000a\000s\000e\000d\000\040\000m\000e\000t\000h\000o\000d\000s\000\040\000f\000o\000r\000\040\000f\000a\000c\000i\000a\000l\000\040\000a\000t\000t\000r\000i\000b\000u\000t\000e\000s\000\040\000d\000e\000t\000e\000c\000t\000i\000o\000n\000\040\000f\000r\000o\000m\000\040\000p\000a\000r\000t\000i\000a\000l\000\040\000f\000a\000c\000e\000s}{section.3}% 6
\BOOKMARK [2][-]{subsection.3.4}{\376\377\000F\000a\000c\000e\000n\000e\000s\000s\000-\000n\000e\000t\000,\000\040\000f\000a\000c\000e\000\040\000d\000e\000t\000e\000c\000t\000i\000o\000n\000\040\000t\000h\000r\000o\000u\000g\000h\000\040\000d\000e\000e\000p\000\040\000f\000a\000c\000i\000a\000l\000\040\000p\000a\000r\000t\000\040\000r\000e\000s\000p\000o\000n\000s\000e\000s}{section.3}% 7
\BOOKMARK [2][-]{subsection.3.5}{\376\377\000G\000e\000n\000e\000r\000a\000l\000-\000t\000o\000-\000s\000p\000e\000c\000i\000f\000i\000c\000\040\000l\000e\000a\000r\000n\000i\000n\000g\000\040\000f\000o\000r\000\040\000f\000a\000c\000i\000a\000l\000\040\000a\000t\000t\000r\000i\000b\000u\000t\000e\000\040\000c\000l\000a\000s\000s\000i\000f\000i\000c\000a\000t\000i\000o\000n\000\040\000i\000n\000\040\000t\000h\000e\000\040\000w\000i\000l\000d}{section.3}% 8
\BOOKMARK [2][-]{subsection.3.6}{\376\377\000D\000e\000e\000p\000\040\000m\000u\000l\000t\000i\000-\000t\000a\000s\000k\000\040\000m\000u\000l\000t\000i\000-\000l\000a\000b\000e\000l\000\040\000C\000N\000N\000\040\000f\000o\000r\000\040\000e\000f\000f\000e\000c\000t\000i\000v\000e\000\040\000f\000a\000c\000i\000a\000l\000\040\000a\000t\000t\000r\000i\000b\000u\000t\000e\000\040\000c\000l\000a\000s\000s\000i\000f\000i\000c\000a\000t\000i\000o\000n}{section.3}% 9
\BOOKMARK [2][-]{subsection.3.7}{\376\377\000L\000a\000n\000d\000m\000a\000r\000k\000\040\000f\000r\000e\000e\000\040\000f\000a\000c\000e\000\040\000a\000t\000t\000r\000i\000b\000u\000t\000e\000\040\000p\000r\000e\000d\000i\000c\000t\000i\000o\000n}{section.3}% 10
\BOOKMARK [2][-]{subsection.3.8}{\376\377\000C\000l\000u\000s\000t\000e\000r\000i\000n\000g\000\040\000f\000a\000c\000i\000a\000l\000\040\000a\000t\000t\000r\000i\000b\000u\000t\000e\000s\000,\000\040\000n\000a\000r\000r\000o\000w\000i\000n\000g\000\040\000t\000h\000e\000\040\000p\000a\000t\000h\000\040\000f\000r\000o\000m\000\040\000s\000o\000f\000t\000\040\000t\000o\000\040\000h\000a\000r\000d\000\040\000b\000i\000o\000m\000e\000t\000r\000i\000c\000s}{section.3}% 11
\BOOKMARK [2][-]{subsection.3.9}{\376\377\000F\000a\000c\000i\000a\000l\000\040\000l\000a\000n\000d\000m\000a\000r\000k\000\040\000d\000e\000t\000e\000c\000t\000i\000o\000n\000\040\000v\000i\000a\000\040\000a\000t\000t\000e\000n\000t\000i\000o\000n\000-\000a\000d\000a\000p\000t\000i\000v\000e\000\040\000d\000e\000e\000p\000\040\000n\000e\000t\000w\000o\000r\000k}{section.3}% 12
\BOOKMARK [2][-]{subsection.3.10}{\376\377\000A\000\040\000n\000e\000w\000\040\000d\000e\000e\000p\000\040\000n\000e\000u\000r\000a\000l\000\040\000a\000r\000c\000h\000i\000t\000e\000c\000t\000u\000r\000e\000\040\000s\000e\000a\000r\000c\000h\000\040\000p\000i\000p\000e\000l\000i\000n\000e\000\040\000f\000o\000r\000\040\000f\000a\000c\000e\000\040\000r\000e\000c\000o\000g\000n\000i\000t\000i\000o\000n}{section.3}% 13
\BOOKMARK [1][-]{section.4}{\376\377\000D\000i\000s\000c\000u\000s\000s\000i\000o\000n\000\040\000o\000f\000\040\000p\000r\000o\000p\000o\000s\000e\000d\000\040\000a\000p\000p\000r\000o\000a\000c\000h}{}% 14
\BOOKMARK [1][-]{section.5}{\376\377\000I\000m\000p\000l\000e\000m\000e\000n\000t\000a\000t\000i\000o\000n\000\040\000d\000e\000t\000a\000i\000l\000s}{}% 15
\BOOKMARK [2][-]{subsection.5.1}{\376\377\000D\000a\000t\000a\000s\000e\000t\000\040\000c\000o\000l\000l\000e\000c\000t\000i\000o\000n}{section.5}% 16
\BOOKMARK [3][-]{subsubsection.5.1.1}{\376\377\000I\000m\000a\000g\000e\000\040\000d\000a\000t\000a\000s\000e\000t}{subsection.5.1}% 17
\BOOKMARK [3][-]{subsubsection.5.1.2}{\376\377\000T\000a\000r\000g\000e\000t\000\040\000C\000S\000V\000\040\000f\000i\000l\000e\000s}{subsection.5.1}% 18
\BOOKMARK [2][-]{subsection.5.2}{\376\377\000F\000e\000a\000t\000u\000r\000e\000\040\000e\000x\000t\000r\000a\000c\000t\000i\000o\000n}{section.5}% 19
\BOOKMARK [2][-]{subsection.5.3}{\376\377\000M\000o\000d\000e\000l\000\040\000c\000o\000n\000s\000t\000r\000u\000c\000t\000i\000o\000n}{section.5}% 20
\BOOKMARK [2][-]{subsection.5.4}{\376\377\000M\000o\000d\000e\000l\000\040\000c\000o\000m\000p\000i\000l\000a\000t\000i\000o\000n}{section.5}% 21
\BOOKMARK [2][-]{subsection.5.5}{\376\377\000M\000o\000d\000e\000l\000\040\000t\000r\000a\000i\000n\000i\000n\000g}{section.5}% 22
\BOOKMARK [2][-]{subsection.5.6}{\376\377\000D\000r\000a\000w\000b\000a\000c\000k\000s\000\040\000o\000c\000c\000u\000r\000r\000e\000d\000\040\000w\000h\000i\000l\000e\000\040\000t\000r\000a\000i\000n\000i\000n\000g}{section.5}% 23
\BOOKMARK [3][-]{subsubsection.5.6.1}{\376\377\000L\000a\000n\000d\000m\000a\000r\000k\000\040\000v\000a\000l\000i\000d\000a\000t\000i\000o\000n\000\040\000c\000u\000r\000v\000e\000\040\000f\000l\000u\000c\000t\000u\000a\000t\000e}{subsection.5.6}% 24
\BOOKMARK [3][-]{subsubsection.5.6.2}{\376\377\000A\000t\000t\000r\000i\000b\000u\000t\000e\000s\000\040\000a\000c\000c\000u\000r\000a\000c\000y}{subsection.5.6}% 25
\BOOKMARK [1][-]{section.6}{\376\377\000R\000e\000s\000u\000l\000t\000s\000\040\000a\000n\000d\000\040\000e\000v\000a\000l\000u\000a\000t\000i\000o\000n}{}% 26
\BOOKMARK [1][-]{section.7}{\376\377\000C\000o\000n\000c\000l\000u\000s\000i\000o\000n\000\040\000a\000n\000d\000\040\000f\000u\000t\000u\000r\000e\000\040\000w\000o\000r\000k}{}% 27
